2024-11-14 17:31:53,804 - INFO - Starting batch 12 with 1000 apps.
2024-11-14 17:49:19,087 - INFO - Batch 12 saved successfully to scraped_data_1\steam_games_data_batch_12.csv
2024-11-14 17:49:19,098 - INFO - Completed processing batch 12
2024-11-14 17:49:19,099 - INFO - Pausing for 5 seconds before the next batch.
2024-11-14 17:49:25,500 - INFO - Starting batch 13 with 1000 apps.
2024-11-14 17:52:07,195 - ERROR - Error processing app ID 2611700: 
2024-11-14 17:52:07,623 - ERROR - Error processing app ID 2611750: 
2024-11-14 17:52:10,496 - ERROR - Error processing app ID 2611800: 
2024-11-14 17:52:10,778 - ERROR - Error processing app ID 2611780: 
2024-11-14 17:52:11,104 - ERROR - Error processing app ID 2611790: 
2024-11-14 17:52:13,017 - ERROR - Error processing app ID 2611820: 
2024-11-14 17:52:13,027 - ERROR - Error processing app ID 2611850: 
2024-11-14 17:52:13,701 - ERROR - Error processing app ID 2611810: 
2024-11-14 17:52:16,316 - ERROR - Error processing app ID 2611860: 
2024-11-14 17:52:17,137 - ERROR - Error processing app ID 2611870: 
2024-11-14 17:52:18,184 - ERROR - Error processing app ID 2611880: 
2024-11-14 17:52:18,190 - ERROR - Error processing app ID 2611890: 
2024-11-14 17:52:19,467 - ERROR - Error processing app ID 2610920: 
2024-11-14 17:52:19,519 - ERROR - Error processing app ID 2610930: 
2024-11-14 17:52:19,563 - ERROR - Error processing app ID 2611930: 
2024-11-14 17:52:21,776 - ERROR - Error processing app ID 2610970: 
2024-11-14 17:52:22,054 - ERROR - Error processing app ID 2610980: 
2024-11-14 17:52:22,469 - ERROR - Error processing app ID 2610960: 
2024-11-14 17:52:22,964 - ERROR - Error processing app ID 2610990: 
2024-11-14 17:52:45,164 - ERROR - Error processing app ID 2611230: 
2024-11-14 17:52:48,136 - ERROR - Error processing app ID 2611240: 
2024-11-14 17:52:48,166 - ERROR - Error processing app ID 2611250: 
2024-11-14 17:52:48,228 - ERROR - Error processing app ID 2611260: 
2024-11-14 17:53:02,659 - ERROR - Error processing app ID 2610450: 
2024-11-14 17:53:04,565 - ERROR - Error processing app ID 2610460: 
2024-11-14 17:53:05,454 - ERROR - Error processing app ID 2610470: 
2024-11-14 17:53:05,463 - ERROR - Error processing app ID 2610500: 
2024-11-14 17:53:07,616 - ERROR - Error processing app ID 2610530: 
2024-11-14 17:53:08,449 - ERROR - Error processing app ID 2610590: 
2024-11-14 17:53:08,916 - ERROR - Error processing app ID 2610540: 
2024-11-14 17:53:09,040 - ERROR - Error processing app ID 2610580: 
2024-11-14 17:53:12,007 - ERROR - Error processing app ID 2610600: 
2024-11-14 17:53:12,316 - ERROR - Error processing app ID 2610630: 
2024-11-14 17:53:12,733 - ERROR - Error processing app ID 2610640: 
2024-11-14 17:53:12,938 - ERROR - Error processing app ID 2610610: 
2024-11-14 17:53:15,682 - ERROR - Error processing app ID 2610650: 
2024-11-14 18:03:57,241 - INFO - Starting batch 13 with 1000 apps.
2024-11-14 18:21:53,182 - INFO - Batch 13 saved successfully to scraped_data_1\steam_games_data_batch_13.csv
2024-11-14 18:21:53,191 - INFO - Completed processing batch 13
2024-11-14 18:21:53,192 - INFO - Pausing for 2 seconds before the next batch.
2024-11-14 18:21:55,859 - INFO - Starting batch 14 with 1000 apps.
2024-11-14 18:50:38,228 - INFO - Starting batch 14 with 1000 apps.
2024-11-14 18:59:55,773 - INFO - Starting batch 14 with 1000 apps.
2024-11-14 19:18:31,805 - INFO - Batch 14 saved successfully to scraped_data_1\steam_games_data_batch_14.csv
2024-11-14 19:18:31,805 - INFO - Completed processing batch 14
2024-11-14 19:18:31,805 - INFO - Pausing for 5 seconds before the next batch.
2024-11-14 19:18:37,550 - INFO - Starting batch 15 with 1000 apps.
2024-11-14 19:20:30,760 - ERROR - Error processing app ID 2833070: 
2024-11-14 19:21:14,574 - ERROR - Error processing app ID 2832630: 
2024-11-14 19:28:23,671 - INFO - Starting batch 15 with 1000 apps.
2024-11-14 19:30:00,381 - ERROR - Error processing app ID 2834950: 'NoneType' object has no attribute 'select'
2024-11-14 19:30:09,671 - ERROR - Error processing app ID 2833970: 'NoneType' object has no attribute 'select'
2024-11-14 19:45:30,121 - INFO - Batch 15 saved successfully to scraped_data_1\steam_games_data_batch_15.csv
2024-11-14 19:45:30,121 - INFO - Completed processing batch 15
2024-11-14 19:45:30,121 - INFO - Pausing for 5 seconds before the next batch.
2024-11-14 19:45:35,153 - INFO - Starting batch 16 with 1000 apps.
2024-11-15 00:00:11,841 - INFO - Starting batch 16 with 1000 apps.
2024-11-15 00:01:49,502 - ERROR - Error processing app ID 2632300: 'NoneType' object has no attribute 'select'
2024-11-15 00:02:00,756 - ERROR - Error processing app ID 2632310: 'NoneType' object has no attribute 'select'
2024-11-15 00:02:03,031 - ERROR - Error processing app ID 2632350: 'NoneType' object has no attribute 'select'
2024-11-15 00:02:03,576 - ERROR - Error processing app ID 2632360: 'NoneType' object has no attribute 'select'
2024-11-15 00:02:10,183 - ERROR - Error processing app ID 2632450: 'NoneType' object has no attribute 'select'
2024-11-15 00:02:10,289 - ERROR - Error processing app ID 2632430: 'NoneType' object has no attribute 'select'
2024-11-15 00:02:14,101 - ERROR - Error processing app ID 2632330: 'NoneType' object has no attribute 'select'
2024-11-15 00:02:21,873 - ERROR - Error processing app ID 2632500: 'NoneType' object has no attribute 'select'
2024-11-15 00:10:14,094 - ERROR - Error processing app ID 2625680: 'NoneType' object has no attribute 'select'
2024-11-15 00:16:55,519 - ERROR - Error processing app ID 2620200: 'NoneType' object has no attribute 'select'
2024-11-15 00:18:47,796 - INFO - Batch 16 saved successfully to scraped_data_1\steam_games_data_batch_16.csv
2024-11-15 00:18:47,797 - INFO - Completed processing batch 16
2024-11-15 00:18:47,797 - INFO - Pausing for 5 seconds before the next batch.
2024-11-15 00:18:52,839 - INFO - Starting batch 17 with 1000 apps.
2024-11-15 00:22:24,789 - ERROR - Error processing app ID 2615830: 
2024-11-15 00:22:25,617 - ERROR - Error processing app ID 2615840: 
2024-11-15 00:22:27,260 - ERROR - Error processing app ID 2615900: 
2024-11-15 00:22:29,052 - ERROR - Error processing app ID 2615930: 
2024-11-15 00:22:29,967 - ERROR - Error processing app ID 2615940: 
2024-11-15 00:22:31,174 - ERROR - Error processing app ID 2615950: 
2024-11-15 00:22:32,303 - ERROR - Error processing app ID 2614970: 
2024-11-15 00:22:32,681 - ERROR - Error processing app ID 2614980: 
2024-11-15 00:22:32,934 - ERROR - Error processing app ID 2614960: 
2024-11-15 00:22:33,948 - ERROR - Error processing app ID 2615000: 
2024-11-15 05:33:51,222 - INFO - Starting batch 17 with 1000 apps.
2024-11-15 05:39:28,612 - ERROR - Error processing app ID 3002490: 'NoneType' object has no attribute 'select'
2024-11-15 05:41:02,520 - ERROR - Error processing app ID 3000870: 'NoneType' object has no attribute 'select'
2024-11-15 05:43:38,332 - ERROR - Error processing app ID 2998600: 'NoneType' object has no attribute 'select'
2024-11-15 05:43:38,593 - ERROR - Error processing app ID 2998590: 'NoneType' object has no attribute 'select'
2024-11-15 05:43:43,370 - ERROR - Error processing app ID 2998650: 'NoneType' object has no attribute 'select'
