2024-11-30 17:44:22,153 - INFO - Starting batch 0 with 300 apps.
2024-11-30 17:44:36,053 - INFO - Starting batch 0 with 300 apps.
2024-11-30 17:44:55,946 - INFO - Starting batch 0 with 300 apps.
2024-11-30 17:45:54,774 - INFO - Starting batch 0 with 300 apps.
2024-11-30 17:50:53,576 - INFO - Starting batch 0 with 300 apps.
2024-11-30 17:51:08,344 - INFO - Starting batch 0 with 300 apps.
2024-11-30 17:55:56,227 - INFO - Batch 0 saved successfully to scraped_data_1\steam_games_data_batch_0.csv
2024-11-30 17:55:56,233 - INFO - Completed processing batch 0
2024-11-30 17:55:56,234 - INFO - Pausing for 5 seconds before the next batch.
2024-11-30 17:56:01,307 - INFO - Starting batch 1 with 300 apps.
2024-11-30 18:00:47,255 - INFO - Batch 1 saved successfully to scraped_data_1\steam_games_data_batch_1.csv
2024-11-30 18:00:47,257 - INFO - Completed processing batch 1
2024-11-30 18:00:47,257 - INFO - Pausing for 5 seconds before the next batch.
2024-11-30 18:00:52,305 - INFO - Starting batch 2 with 300 apps.
2024-11-30 18:04:56,243 - ERROR - Error processing app ID 709920: 
2024-11-30 18:05:00,407 - ERROR - Error processing app ID 3102000: 
2024-11-30 18:05:01,064 - ERROR - Error processing app ID 1168690: 
2024-11-30 18:18:16,504 - INFO - Starting batch 2 with 300 apps.
2024-11-30 18:24:09,316 - INFO - Batch 2 saved successfully to scraped_data_1\steam_games_data_batch_2.csv
2024-11-30 18:24:09,316 - INFO - Completed processing batch 2
2024-11-30 18:24:09,316 - INFO - Pausing for 5 seconds before the next batch.
2024-11-30 18:24:14,332 - INFO - Starting batch 3 with 300 apps.
2024-11-30 18:28:40,841 - INFO - Batch 3 saved successfully to scraped_data_1\steam_games_data_batch_3.csv
2024-11-30 18:28:40,841 - INFO - Completed processing batch 3
2024-11-30 18:28:40,842 - INFO - Pausing for 5 seconds before the next batch.
2024-11-30 18:28:45,857 - INFO - Starting batch 4 with 96 apps.
2024-11-30 18:30:13,166 - INFO - Batch 4 saved successfully to scraped_data_1\steam_games_data_batch_4.csv
2024-11-30 18:30:13,166 - INFO - Completed processing batch 4
2024-11-30 18:30:13,166 - INFO - Pausing for 5 seconds before the next batch.
